<?xml version="1.0" encoding="UTF-8" ?>
<testsuite tests="5" failures="0" name="TestSuite" time="325.733" errors="0" skipped="3">
  <properties>
    <property name="java.runtime.name" value="Java(TM) SE Runtime Environment"/>
    <property name="sun.boot.library.path" value="C:\Program Files\Java\jdk1.8.0_191\jre\bin"/>
    <property name="java.vm.version" value="25.191-b12"/>
    <property name="java.vm.vendor" value="Oracle Corporation"/>
    <property name="java.vendor.url" value="http://java.oracle.com/"/>
    <property name="path.separator" value=";"/>
    <property name="java.vm.name" value="Java HotSpot(TM) 64-Bit Server VM"/>
    <property name="file.encoding.pkg" value="sun.io"/>
    <property name="user.script" value=""/>
    <property name="user.country" value="IN"/>
    <property name="sun.java.launcher" value="SUN_STANDARD"/>
    <property name="sun.os.patch.level" value="Service Pack 1"/>
    <property name="java.vm.specification.name" value="Java Virtual Machine Specification"/>
    <property name="user.dir" value="C:\Users\sujoym\workspace\AutomationPageObjectModel"/>
    <property name="java.runtime.version" value="1.8.0_191-b12"/>
    <property name="java.awt.graphicsenv" value="sun.awt.Win32GraphicsEnvironment"/>
    <property name="basedir" value="C:\Users\sujoym\workspace\AutomationPageObjectModel"/>
    <property name="java.endorsed.dirs" value="C:\Program Files\Java\jdk1.8.0_191\jre\lib\endorsed"/>
    <property name="os.arch" value="amd64"/>
    <property name="surefire.real.class.path" value="C:\Users\sujoym\workspace\AutomationPageObjectModel\target\surefire\surefirebooter2478158198419445067.jar"/>
    <property name="java.io.tmpdir" value="C:\Users\sujoym\AppData\Local\Temp\"/>
    <property name="line.separator" value="
"/>
    <property name="java.vm.specification.vendor" value="Oracle Corporation"/>
    <property name="user.variant" value=""/>
    <property name="os.name" value="Windows 7"/>
    <property name="sun.jnu.encoding" value="Cp1252"/>
    <property name="java.library.path" value="C:\Program Files\Java\jdk1.8.0_191\jre\bin;C:\Windows\Sun\Java\bin;C:\Windows\system32;C:\Windows;C:/Program Files/Java/jre1.8.0_191/bin/server;C:/Program Files/Java/jre1.8.0_191/bin;C:/Program Files/Java/jre1.8.0_191/lib/amd64;C:\Program Files (x86)\Common Files\Oracle\Java\javapath;C:\ProgramData\Oracle\Java\javapath;C:\Windows\system32;C:\Windows;C:\Windows\System32\Wbem;C:\Windows\System32\WindowsPowerShell\v1.0\;D:\apache-maven-3.6\,C:\Program Files\Java\jdk1.8.0_191\bin;;D:\eclipse;;."/>
    <property name="surefire.test.class.path" value="C:\Users\sujoym\workspace\AutomationPageObjectModel\target\test-classes;C:\Users\sujoym\workspace\AutomationPageObjectModel\target\classes;D:\Rintu\repositary\org\testng\testng\6.14.3\testng-6.14.3.jar;D:\Rintu\repositary\com\beust\jcommander\1.72\jcommander-1.72.jar;D:\Rintu\repositary\org\apache-extras\beanshell\bsh\2.0b6\bsh-2.0b6.jar;D:\Rintu\repositary\org\seleniumhq\selenium\selenium-java\3.14.0\selenium-java-3.14.0.jar;D:\Rintu\repositary\org\seleniumhq\selenium\selenium-api\3.14.0\selenium-api-3.14.0.jar;D:\Rintu\repositary\org\seleniumhq\selenium\selenium-chrome-driver\3.14.0\selenium-chrome-driver-3.14.0.jar;D:\Rintu\repositary\org\seleniumhq\selenium\selenium-edge-driver\3.14.0\selenium-edge-driver-3.14.0.jar;D:\Rintu\repositary\org\seleniumhq\selenium\selenium-firefox-driver\3.14.0\selenium-firefox-driver-3.14.0.jar;D:\Rintu\repositary\org\seleniumhq\selenium\selenium-ie-driver\3.14.0\selenium-ie-driver-3.14.0.jar;D:\Rintu\repositary\org\seleniumhq\selenium\selenium-opera-driver\3.14.0\selenium-opera-driver-3.14.0.jar;D:\Rintu\repositary\org\seleniumhq\selenium\selenium-remote-driver\3.14.0\selenium-remote-driver-3.14.0.jar;D:\Rintu\repositary\org\seleniumhq\selenium\selenium-safari-driver\3.14.0\selenium-safari-driver-3.14.0.jar;D:\Rintu\repositary\org\seleniumhq\selenium\selenium-support\3.14.0\selenium-support-3.14.0.jar;D:\Rintu\repositary\net\bytebuddy\byte-buddy\1.8.15\byte-buddy-1.8.15.jar;D:\Rintu\repositary\org\apache\commons\commons-exec\1.3\commons-exec-1.3.jar;D:\Rintu\repositary\commons-codec\commons-codec\1.10\commons-codec-1.10.jar;D:\Rintu\repositary\commons-logging\commons-logging\1.2\commons-logging-1.2.jar;D:\Rintu\repositary\com\google\guava\guava\25.0-jre\guava-25.0-jre.jar;D:\Rintu\repositary\com\google\code\findbugs\jsr305\1.3.9\jsr305-1.3.9.jar;D:\Rintu\repositary\org\checkerframework\checker-compat-qual\2.0.0\checker-compat-qual-2.0.0.jar;D:\Rintu\repositary\com\google\errorprone\error_prone_annotations\2.1.3\error_prone_annotations-2.1.3.jar;D:\Rintu\repositary\com\google\j2objc\j2objc-annotations\1.1\j2objc-annotations-1.1.jar;D:\Rintu\repositary\org\codehaus\mojo\animal-sniffer-annotations\1.14\animal-sniffer-annotations-1.14.jar;D:\Rintu\repositary\org\apache\httpcomponents\httpclient\4.5.5\httpclient-4.5.5.jar;D:\Rintu\repositary\org\apache\httpcomponents\httpcore\4.4.9\httpcore-4.4.9.jar;D:\Rintu\repositary\com\squareup\okhttp3\okhttp\3.10.0\okhttp-3.10.0.jar;D:\Rintu\repositary\com\squareup\okio\okio\1.14.1\okio-1.14.1.jar;D:\Rintu\repositary\org\apache\poi\poi\3.6\poi-3.6.jar;D:\Rintu\repositary\org\apache\poi\poi-ooxml\3.6\poi-ooxml-3.6.jar;D:\Rintu\repositary\org\apache\poi\poi-ooxml-schemas\3.6\poi-ooxml-schemas-3.6.jar;D:\Rintu\repositary\org\apache\xmlbeans\xmlbeans\2.3.0\xmlbeans-2.3.0.jar;D:\Rintu\repositary\stax\stax-api\1.0.1\stax-api-1.0.1.jar;D:\Rintu\repositary\org\apache\geronimo\specs\geronimo-stax-api_1.0_spec\1.0\geronimo-stax-api_1.0_spec-1.0.jar;D:\Rintu\repositary\dom4j\dom4j\1.6.1\dom4j-1.6.1.jar;D:\Rintu\repositary\xml-apis\xml-apis\1.0.b2\xml-apis-1.0.b2.jar;D:\Rintu\repositary\commons-io\commons-io\2.4\commons-io-2.4.jar;D:\Rintu\repositary\com\relevantcodes\extentreports\2.41.2\extentreports-2.41.2.jar;D:\Rintu\repositary\org\jsoup\jsoup\1.8.3\jsoup-1.8.3.jar;D:\Rintu\repositary\org\xerial\sqlite-jdbc\3.8.11.1\sqlite-jdbc-3.8.11.1.jar;D:\Rintu\repositary\org\freemarker\freemarker\2.3.23\freemarker-2.3.23.jar;D:\Rintu\repositary\org\mongodb\mongodb-driver\3.0.4\mongodb-driver-3.0.4.jar;D:\Rintu\repositary\org\mongodb\bson\3.0.4\bson-3.0.4.jar;D:\Rintu\repositary\org\mongodb\mongodb-driver-core\3.0.4\mongodb-driver-core-3.0.4.jar;D:\Rintu\repositary\log4j\log4j\1.2.17\log4j-1.2.17.jar;D:\Rintu\repositary\org\apache\maven\surefire\surefire-testng-utils\2.8.1\surefire-testng-utils-2.8.1.jar;"/>
    <property name="java.specification.name" value="Java Platform API Specification"/>
    <property name="java.class.version" value="52.0"/>
    <property name="sun.management.compiler" value="HotSpot 64-Bit Tiered Compilers"/>
    <property name="os.version" value="6.1"/>
    <property name="user.home" value="C:\Users\sujoym"/>
    <property name="user.timezone" value="Asia/Calcutta"/>
    <property name="java.awt.printerjob" value="sun.awt.windows.WPrinterJob"/>
    <property name="java.specification.version" value="1.8"/>
    <property name="file.encoding" value="Cp1252"/>
    <property name="user.name" value="SujoyM"/>
    <property name="java.class.path" value="C:\Users\sujoym\workspace\AutomationPageObjectModel\target\test-classes;C:\Users\sujoym\workspace\AutomationPageObjectModel\target\classes;D:\Rintu\repositary\org\testng\testng\6.14.3\testng-6.14.3.jar;D:\Rintu\repositary\com\beust\jcommander\1.72\jcommander-1.72.jar;D:\Rintu\repositary\org\apache-extras\beanshell\bsh\2.0b6\bsh-2.0b6.jar;D:\Rintu\repositary\org\seleniumhq\selenium\selenium-java\3.14.0\selenium-java-3.14.0.jar;D:\Rintu\repositary\org\seleniumhq\selenium\selenium-api\3.14.0\selenium-api-3.14.0.jar;D:\Rintu\repositary\org\seleniumhq\selenium\selenium-chrome-driver\3.14.0\selenium-chrome-driver-3.14.0.jar;D:\Rintu\repositary\org\seleniumhq\selenium\selenium-edge-driver\3.14.0\selenium-edge-driver-3.14.0.jar;D:\Rintu\repositary\org\seleniumhq\selenium\selenium-firefox-driver\3.14.0\selenium-firefox-driver-3.14.0.jar;D:\Rintu\repositary\org\seleniumhq\selenium\selenium-ie-driver\3.14.0\selenium-ie-driver-3.14.0.jar;D:\Rintu\repositary\org\seleniumhq\selenium\selenium-opera-driver\3.14.0\selenium-opera-driver-3.14.0.jar;D:\Rintu\repositary\org\seleniumhq\selenium\selenium-remote-driver\3.14.0\selenium-remote-driver-3.14.0.jar;D:\Rintu\repositary\org\seleniumhq\selenium\selenium-safari-driver\3.14.0\selenium-safari-driver-3.14.0.jar;D:\Rintu\repositary\org\seleniumhq\selenium\selenium-support\3.14.0\selenium-support-3.14.0.jar;D:\Rintu\repositary\net\bytebuddy\byte-buddy\1.8.15\byte-buddy-1.8.15.jar;D:\Rintu\repositary\org\apache\commons\commons-exec\1.3\commons-exec-1.3.jar;D:\Rintu\repositary\commons-codec\commons-codec\1.10\commons-codec-1.10.jar;D:\Rintu\repositary\commons-logging\commons-logging\1.2\commons-logging-1.2.jar;D:\Rintu\repositary\com\google\guava\guava\25.0-jre\guava-25.0-jre.jar;D:\Rintu\repositary\com\google\code\findbugs\jsr305\1.3.9\jsr305-1.3.9.jar;D:\Rintu\repositary\org\checkerframework\checker-compat-qual\2.0.0\checker-compat-qual-2.0.0.jar;D:\Rintu\repositary\com\google\errorprone\error_prone_annotations\2.1.3\error_prone_annotations-2.1.3.jar;D:\Rintu\repositary\com\google\j2objc\j2objc-annotations\1.1\j2objc-annotations-1.1.jar;D:\Rintu\repositary\org\codehaus\mojo\animal-sniffer-annotations\1.14\animal-sniffer-annotations-1.14.jar;D:\Rintu\repositary\org\apache\httpcomponents\httpclient\4.5.5\httpclient-4.5.5.jar;D:\Rintu\repositary\org\apache\httpcomponents\httpcore\4.4.9\httpcore-4.4.9.jar;D:\Rintu\repositary\com\squareup\okhttp3\okhttp\3.10.0\okhttp-3.10.0.jar;D:\Rintu\repositary\com\squareup\okio\okio\1.14.1\okio-1.14.1.jar;D:\Rintu\repositary\org\apache\poi\poi\3.6\poi-3.6.jar;D:\Rintu\repositary\org\apache\poi\poi-ooxml\3.6\poi-ooxml-3.6.jar;D:\Rintu\repositary\org\apache\poi\poi-ooxml-schemas\3.6\poi-ooxml-schemas-3.6.jar;D:\Rintu\repositary\org\apache\xmlbeans\xmlbeans\2.3.0\xmlbeans-2.3.0.jar;D:\Rintu\repositary\stax\stax-api\1.0.1\stax-api-1.0.1.jar;D:\Rintu\repositary\org\apache\geronimo\specs\geronimo-stax-api_1.0_spec\1.0\geronimo-stax-api_1.0_spec-1.0.jar;D:\Rintu\repositary\dom4j\dom4j\1.6.1\dom4j-1.6.1.jar;D:\Rintu\repositary\xml-apis\xml-apis\1.0.b2\xml-apis-1.0.b2.jar;D:\Rintu\repositary\commons-io\commons-io\2.4\commons-io-2.4.jar;D:\Rintu\repositary\com\relevantcodes\extentreports\2.41.2\extentreports-2.41.2.jar;D:\Rintu\repositary\org\jsoup\jsoup\1.8.3\jsoup-1.8.3.jar;D:\Rintu\repositary\org\xerial\sqlite-jdbc\3.8.11.1\sqlite-jdbc-3.8.11.1.jar;D:\Rintu\repositary\org\freemarker\freemarker\2.3.23\freemarker-2.3.23.jar;D:\Rintu\repositary\org\mongodb\mongodb-driver\3.0.4\mongodb-driver-3.0.4.jar;D:\Rintu\repositary\org\mongodb\bson\3.0.4\bson-3.0.4.jar;D:\Rintu\repositary\org\mongodb\mongodb-driver-core\3.0.4\mongodb-driver-core-3.0.4.jar;D:\Rintu\repositary\log4j\log4j\1.2.17\log4j-1.2.17.jar;D:\Rintu\repositary\org\apache\maven\surefire\surefire-testng-utils\2.8.1\surefire-testng-utils-2.8.1.jar;"/>
    <property name="java.vm.specification.version" value="1.8"/>
    <property name="sun.arch.data.model" value="64"/>
    <property name="java.home" value="C:\Program Files\Java\jdk1.8.0_191\jre"/>
    <property name="sun.java.command" value="C:\Users\sujoym\workspace\AutomationPageObjectModel\target\surefire\surefirebooter2478158198419445067.jar C:\Users\sujoym\workspace\AutomationPageObjectModel\target\surefire\surefire8597741694757567580tmp C:\Users\sujoym\workspace\AutomationPageObjectModel\target\surefire\surefire1647497139857698843tmp"/>
    <property name="java.specification.vendor" value="Oracle Corporation"/>
    <property name="user.language" value="en"/>
    <property name="awt.toolkit" value="sun.awt.windows.WToolkit"/>
    <property name="java.vm.info" value="mixed mode"/>
    <property name="java.version" value="1.8.0_191"/>
    <property name="java.ext.dirs" value="C:\Program Files\Java\jdk1.8.0_191\jre\lib\ext;C:\Windows\Sun\Java\lib\ext"/>
    <property name="sun.boot.class.path" value="C:\Program Files\Java\jdk1.8.0_191\jre\lib\resources.jar;C:\Program Files\Java\jdk1.8.0_191\jre\lib\rt.jar;C:\Program Files\Java\jdk1.8.0_191\jre\lib\sunrsasign.jar;C:\Program Files\Java\jdk1.8.0_191\jre\lib\jsse.jar;C:\Program Files\Java\jdk1.8.0_191\jre\lib\jce.jar;C:\Program Files\Java\jdk1.8.0_191\jre\lib\charsets.jar;C:\Program Files\Java\jdk1.8.0_191\jre\lib\jfr.jar;C:\Program Files\Java\jdk1.8.0_191\jre\classes"/>
    <property name="webdriver.chrome.driver" value="C:\Users\sujoym\workspace\AutomationPageObjectModel\src\test\resources\executables\chromedriver.exe"/>
    <property name="java.vendor" value="Oracle Corporation"/>
    <property name="localRepository" value="D:\Rintu\repositary"/>
    <property name="file.separator" value="\"/>
    <property name="java.vendor.url.bug" value="http://bugreport.sun.com/bugreport/"/>
    <property name="sun.cpu.endian" value="little"/>
    <property name="sun.io.unicode.encoding" value="UnicodeLittle"/>
    <property name="sun.desktop" value="windows"/>
    <property name="sun.cpu.isalist" value="amd64"/>
  </properties>
  <testcase classname="com.PageObjectModel.TestCases.HomePageTest" name="test_Logo" time="2.836">
    <skipped/>
  </testcase>
  <testcase classname="com.PageObjectModel.TestCases.HomePageTest" name="test_gotoContacts" time="0.36">
    <skipped/>
  </testcase>
  <testcase classname="com.PageObjectModel.TestCases.ContactPageTest" name="test_createNewContact" time="0.401">
    <skipped/>
  </testcase>
  <testcase classname="com.PageObjectModel.TestCases.OperationTest" name="gotoOperational" time="190.991"/>
  <testcase classname="com.PageObjectModel.TestCases.VoyageTest" name="gotoVeselMaster" time="127.812"/>
</testsuite>