<?xml version="1.0" encoding="UTF-8"?>
<!-- Generated by org.testng.reporters.JUnitReportReporter -->
<testsuite skipped="0" hostname="RSLPTP862" name="com.PageObjectModel.TestCases.OperationTest" tests="1" failures="0" timestamp="20 Jan 2019 15:52:54 GMT" time="44.596" errors="0">
  <testcase name="gotoOperational" time="44.596" classname="com.PageObjectModel.TestCases.OperationTest"/>
</testsuite> <!-- com.PageObjectModel.TestCases.OperationTest -->
