<?xml version="1.0" encoding="UTF-8"?>
<!-- Generated by org.testng.reporters.JUnitReportReporter -->
<testsuite skipped="0" hostname="RSLPTP862" name="com.PageObjectModel.TestCases.LoginPageTest" tests="1" failures="0" timestamp="18 Dec 2018 08:18:35 GMT" time="30.381" errors="0">
  <testcase name="test_login" time="30.381" classname="com.PageObjectModel.TestCases.LoginPageTest"/>
</testsuite> <!-- com.PageObjectModel.TestCases.LoginPageTest -->
