<?xml version="1.0" encoding="UTF-8"?>
<!-- Generated by org.testng.reporters.JUnitReportReporter -->
<testsuite skipped="2" hostname="RSLPTP862" name="com.PageObjectModel.TestCases.HomePageTest" tests="2" failures="0" timestamp="21 Dec 2018 03:57:35 GMT" time="0.691" errors="0">
  <testcase name="test_gotoContacts" time="0.063" classname="com.PageObjectModel.TestCases.HomePageTest">
    <skipped/>
  </testcase> <!-- test_gotoContacts -->
  <testcase name="test_Logo" time="0.628" classname="com.PageObjectModel.TestCases.HomePageTest">
    <skipped/>
  </testcase> <!-- test_Logo -->
</testsuite> <!-- com.PageObjectModel.TestCases.HomePageTest -->
