<?xml version="1.0" encoding="UTF-8"?>
<!-- Generated by org.testng.reporters.JUnitReportReporter -->
<testsuite skipped="1" hostname="RSLPTP862" name="com.PageObjectModel.TestCases.VoyageTest" tests="1" failures="0" timestamp="20 Jan 2019 15:23:29 GMT" time="0.043" errors="0">
  <testcase name="gotoVeselMaster" time="0.043" classname="com.PageObjectModel.TestCases.VoyageTest">
    <skipped/>
  </testcase> <!-- gotoVeselMaster -->
</testsuite> <!-- com.PageObjectModel.TestCases.VoyageTest -->
