<?xml version="1.0" encoding="UTF-8"?>
<!-- Generated by org.testng.reporters.JUnitReportReporter -->
<testsuite skipped="1" hostname="RSLPTP862" name="com.PageObjectModel.TestCases.ContactPageTest" tests="1" failures="0" timestamp="21 Dec 2018 03:57:35 GMT" time="0.063" errors="0">
  <testcase name="test_createNewContact" time="0.063" classname="com.PageObjectModel.TestCases.ContactPageTest">
    <skipped/>
  </testcase> <!-- test_createNewContact -->
</testsuite> <!-- com.PageObjectModel.TestCases.ContactPageTest -->
