<?xml version="1.0" encoding="UTF-8"?>
<!-- Generated by org.testng.reporters.JUnitReportReporter -->
<testsuite skipped="0" hostname="RSLPTP862" name="com.PageObjectModel.TestCases.VoyageTest" tests="1" failures="0" timestamp="27 Dec 2018 17:52:17 GMT" time="56.052" errors="0">
  <testcase name="gotoVeselMaster" time="56.052" classname="com.PageObjectModel.TestCases.VoyageTest"/>
</testsuite> <!-- com.PageObjectModel.TestCases.VoyageTest -->
