<?xml version="1.0" encoding="UTF-8"?>
<!-- Generated by org.testng.reporters.JUnitReportReporter -->
<testsuite skipped="2" hostname="RSLPTP862" name="com.PageObjectModel.TestCases.HomePageTest" tests="2" failures="0" timestamp="22 Dec 2018 17:16:55 GMT" time="2.145" errors="0">
  <testcase name="test_gotoContacts" time="0.208" classname="com.PageObjectModel.TestCases.HomePageTest">
    <skipped/>
  </testcase> <!-- test_gotoContacts -->
  <testcase name="test_Logo" time="1.937" classname="com.PageObjectModel.TestCases.HomePageTest">
    <skipped/>
  </testcase> <!-- test_Logo -->
</testsuite> <!-- com.PageObjectModel.TestCases.HomePageTest -->
