<?xml version="1.0" encoding="UTF-8"?>
<!-- Generated by org.testng.reporters.JUnitReportReporter -->
<testsuite skipped="0" hostname="RSLPTP862" name="com.PageObjectModel.TestCases.OperationTest" tests="1" failures="0" timestamp="20 Jan 2019 16:26:53 GMT" time="42.120" errors="0">
  <testcase name="gotoOperational" time="42.120" classname="com.PageObjectModel.TestCases.OperationTest"/>
</testsuite> <!-- com.PageObjectModel.TestCases.OperationTest -->
